
> drone-video-platform@0.1.0 dev
> next dev

▲ Next.js 16.2.6 (Turbopack)
- Local:         http://localhost:3000
- Network:       http://10.2.2.155:3000
✓ Ready in 326ms
Attention: Next.js now collects completely anonymous telemetry regarding usage.
This information is used to shape Next.js' roadmap and prioritize features.
You can learn more, including how to opt-out if you'd not like to participate in this anonymous program, by visiting the following URL:
https://nextjs.org/telemetry


⚠ Slow filesystem detected. The benchmark took 627ms. If /workspace/project/sanalparsel/.next/dev is a network drive, consider moving it to a local folder.
See more: https://nextjs.org/docs/app/guides/local-development
 GET / 200 in 3.1s (next.js: 2.9s, application-code: 192ms)
 GET / 200 in 57ms (next.js: 3ms, application-code: 54ms)
 GET /dashboard 200 in 417ms (next.js: 358ms, application-code: 59ms)
 GET /dashboard/new-project 200 in 1646ms (next.js: 1458ms, application-code: 188ms)
[browser] Uncaught Error: {"requestedAttributes":{"antialias":false,"preserveDrawingBuffer":false,"powerPreference":"high-performance","failIfMajorPerformanceCaveat":false,"desynchronized":false,"alpha":true,"depth":true,"stencil":true,"premultipliedAlpha":true},"statusMessage":"Could not create a WebGL context, VENDOR = 0xffff, DEVICE = 0xffff, Sandboxed = no, Optimus = no, AMD switchable = no, Reset notification strategy = 0x0000, ErrorMessage = BindToCurrentSequence failed: .","type":"webglcontextcreationerror","message":"Failed to initialize WebGL"}
    at MapView.useEffect (src/components/map/MapView.tsx:74:17)
    at NewProjectPage (src/app/dashboard/new-project/page.tsx:294:13)
  72 |     if (!mapContainerRef.current) return;
  73 |
> 74 |     const map = new maplibregl.Map({
     |                 ^
  75 |       container: mapContainerRef.current,
  76 |       style: DEFAULT_MAP_STYLE,
  77 |       center: center || [29.0, 41.0],
⚠ Fast Refresh had to perform a full reload due to a runtime error.
✓ Compiled in 44ms
 GET /dashboard/new-project 200 in 61ms (next.js: 6ms, application-code: 55ms)
[browser] Uncaught Error: {"requestedAttributes":{"antialias":false,"preserveDrawingBuffer":false,"powerPreference":"high-performance","failIfMajorPerformanceCaveat":false,"desynchronized":false,"alpha":true,"depth":true,"stencil":true,"premultipliedAlpha":true},"statusMessage":"Could not create a WebGL context, VENDOR = 0xffff, DEVICE = 0xffff, Sandboxed = no, Optimus = no, AMD switchable = no, Reset notification strategy = 0x0000, ErrorMessage = BindToCurrentSequence failed: .","type":"webglcontextcreationerror","message":"Failed to initialize WebGL"}
    at MapView.useEffect (src/components/map/MapView.tsx:76:17)
    at NewProjectPage (src/app/dashboard/new-project/page.tsx:294:13)
  74 |     if (!mapContainerRef.current) return;
  75 |
> 76 |     const map = new maplibregl.Map({
     |                 ^
  77 |       container: mapContainerRef.current,
  78 |       style: DEFAULT_MAP_STYLE,
  79 |       center: center || [29.0, 41.0],
